Thu Feb 21 23:17:42 Saved as file BACKUP1.MAX
Thu Feb 21 23:17:42 Saved as file C:\DOCUMENTS AND SETTINGS\LORENZO\DESKTOP\TIROCINIO\DESIGN\PCB\TESI.MAX
Thu Feb 21 23:17:43 UserDiv from Layout.INI for AutoECO: 60
Thu Feb 21 23:17:43 Loaded file C:\DOCUMENTS AND SETTINGS\LORENZO\DESKTOP\TIROCINIO\DESIGN\PCB\TESI.MAX
Thu Feb 21 23:17:43 Loaded file C:\PROGRAMMI\ORCAD\LAYOUT_PLUS\LIBRARY\PADSTACK.LLB
Thu Feb 21 23:17:43 Loaded file c:\programmi\orcad\Layout_Plus\library\BCON100T.llb
Thu Feb 21 23:17:44 Loaded file c:\programmi\orcad\Layout_Plus\library\BCON156T.llb
Thu Feb 21 23:17:44 Loaded file c:\programmi\orcad\Layout_Plus\library\BGA.llb
Thu Feb 21 23:17:44 Loaded file c:\programmi\orcad\Layout_Plus\library\CLCC.llb
Thu Feb 21 23:17:44 Loaded file c:\programmi\orcad\Layout_Plus\library\DCON050T.llb
Thu Feb 21 23:17:44 Loaded file c:\programmi\orcad\Layout_Plus\library\DCON085T.llb
Thu Feb 21 23:17:44 Loaded file c:\programmi\orcad\Layout_Plus\library\DIMM050F.llb
Thu Feb 21 23:17:44 Loaded file c:\programmi\orcad\Layout_Plus\library\DIMM050T.llb
Thu Feb 21 23:17:44 Loaded file c:\programmi\orcad\Layout_Plus\library\DIN.llb
Thu Feb 21 23:17:44 Loaded file c:\programmi\orcad\Layout_Plus\library\DIP100B.llb
Thu Feb 21 23:17:44 Loaded file c:\programmi\orcad\Layout_Plus\library\DIP100T.llb
Thu Feb 21 23:17:44 Loaded file c:\programmi\orcad\Layout_Plus\library\DSUBT.llb
Thu Feb 21 23:17:44 Loaded file c:\programmi\orcad\Layout_Plus\library\DSUBT_HD.LLB
Thu Feb 21 23:17:44 Loaded file c:\programmi\orcad\Layout_Plus\library\ECON100T.llb
Thu Feb 21 23:17:44 Loaded file c:\programmi\orcad\Layout_Plus\library\FBUS.llb
Thu Feb 21 23:17:44 Loaded file c:\programmi\orcad\Layout_Plus\library\ISA.llb
Thu Feb 21 23:17:44 Loaded file c:\programmi\orcad\Layout_Plus\library\JUMPER.LLB
Thu Feb 21 23:17:44 Loaded file c:\programmi\orcad\Layout_Plus\library\LAYOUT.llb
Thu Feb 21 23:17:44 Loaded file c:\programmi\orcad\Layout_Plus\library\LCON100T.llb
Thu Feb 21 23:17:44 Loaded file c:\programmi\orcad\Layout_Plus\library\PC104.llb
Thu Feb 21 23:17:44 Loaded file c:\programmi\orcad\Layout_Plus\library\PCI.llb
Thu Feb 21 23:17:44 Loaded file c:\programmi\orcad\Layout_Plus\library\PCON100T.llb
Thu Feb 21 23:17:44 Loaded file c:\programmi\orcad\Layout_Plus\library\PCON156T.llb
Thu Feb 21 23:17:44 Loaded file c:\programmi\orcad\Layout_Plus\library\PGA.llb
Thu Feb 21 23:17:44 Loaded file c:\programmi\orcad\Layout_Plus\library\PLCC.llb
Thu Feb 21 23:17:44 Loaded file c:\programmi\orcad\Layout_Plus\library\QUAD.llb
Thu Feb 21 23:17:44 Loaded file c:\programmi\orcad\Layout_Plus\library\QUADB.llb
Thu Feb 21 23:17:44 Loaded file c:\programmi\orcad\Layout_Plus\library\RELAY.llb
Thu Feb 21 23:17:44 Loaded file c:\programmi\orcad\Layout_Plus\library\RF.llb
Thu Feb 21 23:17:44 Loaded file c:\programmi\orcad\Layout_Plus\library\SBUS.llb
Thu Feb 21 23:17:44 Loaded file c:\programmi\orcad\Layout_Plus\library\SIMM050F.llb
Thu Feb 21 23:17:44 Loaded file c:\programmi\orcad\Layout_Plus\library\SIMM050T.llb
Thu Feb 21 23:17:45 Loaded file c:\programmi\orcad\Layout_Plus\library\SIMM100F.llb
Thu Feb 21 23:17:45 Loaded file c:\programmi\orcad\Layout_Plus\library\SIMM100T.llb
Thu Feb 21 23:17:45 Loaded file c:\programmi\orcad\Layout_Plus\library\SIP.llb
Thu Feb 21 23:17:45 Loaded file c:\programmi\orcad\Layout_Plus\library\SM.llb
Thu Feb 21 23:17:45 Loaded file c:\programmi\orcad\Layout_Plus\library\SOG.llb
Thu Feb 21 23:17:45 Loaded file c:\programmi\orcad\Layout_Plus\library\SOJ.llb
Thu Feb 21 23:17:45 Loaded file c:\programmi\orcad\Layout_Plus\library\STIFF.llb
Thu Feb 21 23:17:45 Loaded file c:\programmi\orcad\Layout_Plus\library\TELE.llb
Thu Feb 21 23:17:45 Loaded file c:\programmi\orcad\Layout_Plus\library\TM_AXIAL.llb
Thu Feb 21 23:17:45 Loaded file c:\programmi\orcad\Layout_Plus\library\TM_CAP_P.llb
Thu Feb 21 23:17:45 Loaded file c:\programmi\orcad\Layout_Plus\library\TM_CYLND.llb
Thu Feb 21 23:17:45 Loaded file c:\programmi\orcad\Layout_Plus\library\TM_DIODE.llb
Thu Feb 21 23:17:45 Loaded file c:\programmi\orcad\Layout_Plus\library\TM_DISC.llb
Thu Feb 21 23:17:45 Loaded file c:\programmi\orcad\Layout_Plus\library\TM_RAD.llb
Thu Feb 21 23:17:45 Loaded file c:\programmi\orcad\Layout_Plus\library\TO.llb
Thu Feb 21 23:17:45 Loaded file c:\programmi\orcad\Layout_Plus\library\TRAINING.LLB
Thu Feb 21 23:17:45 Loaded file c:\programmi\orcad\Layout_Plus\library\VRES.llb
Thu Feb 21 23:17:45 Loaded file c:\programmi\orcad\Layout_Plus\library\WCON100T.llb
Thu Feb 21 23:17:45 Loaded file c:\programmi\orcad\Layout_Plus\library\XT.llb
Thu Feb 21 23:17:45 Loaded file c:\programmi\orcad\Layout_Plus\library\ZIGZAG.llb
Thu Feb 21 23:17:45 Saved as file C:\DOCUMENTS AND SETTINGS\LORENZO\DESKTOP\TIROCINIO\DESIGN\PCB\TESI.MAX
Thu Feb 21 23:17:45 Loaded file C:\DOCUMENTS AND SETTINGS\LORENZO\DESKTOP\TIROCINIO\DESIGN\PCB\TESI.MAX
Thu Feb 21 23:18:27 Saved as file ~undo.max
Thu Feb 21 23:19:03 Saved as file ~undo.max
Thu Feb 21 23:21:37 Saved as file ~undo.max
Thu Feb 21 23:22:04 Saved as file ~undo.max
Thu Feb 21 23:23:01 Saved as file ~undo.max
Thu Feb 21 23:24:10 Saved as file ~undo.max
Thu Feb 21 23:25:16 Saved as file ~undo.max
Thu Feb 21 23:25:52 Saved as file ~undo.max
Thu Feb 21 23:26:22 Saved as file ~undo.max
Thu Feb 21 23:26:37 Saved as file ~undo.max
Thu Feb 21 23:27:28 Saved as file ~undo.max
Thu Feb 21 23:27:49 Saved as file BACKUP1.MAX
Thu Feb 21 23:28:28 Saved as file ~undo.max
Thu Feb 21 23:28:50 Saved as file ~undo.max
Thu Feb 21 23:29:09 Saved as file ~undo.max
Thu Feb 21 23:29:25 Saved as file ~undo.max
Thu Feb 21 23:29:58 Saved as file ~undo.max
Thu Feb 21 23:30:55 Saved as file ~undo.max
Thu Feb 21 23:31:08 Saved as file ~undo.max
Thu Feb 21 23:31:48 Saved as file ~undo.max
Thu Feb 21 23:32:10 Saved as file ~undo.max
Thu Feb 21 23:32:36 Saved as file ~undo.max
Thu Feb 21 23:32:57 Saved as file ~undo.max
Thu Feb 21 23:33:29 Saved as file ~undo.max
Thu Feb 21 23:33:34 Saved as file ~undo.max
Thu Feb 21 23:34:06 Saved as file ~undo.max
Thu Feb 21 23:34:22 Saved as file ~undo.max
Fri Feb 22 10:58:52 Saved as file ~undo.max
Fri Feb 22 10:58:53 Saved as file ~undo.max
Fri Feb 22 10:59:29 Saved as file ~undo.max
Fri Feb 22 11:01:33 Saved as file ~undo.max
Fri Feb 22 11:02:05 Saved as file ~undo.max
Fri Feb 22 11:02:21 Saved as file ~undo.max
Fri Feb 22 11:02:41 Saved as file ~undo.max
Fri Feb 22 11:02:49 Saved as file ~undo.max
Fri Feb 22 11:02:49 Saved as file ~undo.max
Fri Feb 22 11:03:09 Saved as file ~undo.max
Fri Feb 22 11:03:43 Saved as file BACKUP1.MAX
Fri Feb 22 11:03:49 Saved as file ~undo.max
Fri Feb 22 11:03:56 Saved as file ~undo.max
Fri Feb 22 11:03:59 Saved as file ~undo.max
Fri Feb 22 11:04:06 Saved as file ~undo.max
Fri Feb 22 11:04:10 Saved as file ~undo.max
Fri Feb 22 11:04:26 Saved as file ~undo.max
Fri Feb 22 11:05:19 Saved as file ~undo.max
Fri Feb 22 11:05:55 Saved as file ~undo.max
Fri Feb 22 11:06:25 Saved as file ~undo.max
Fri Feb 22 11:06:31 Saved as file ~undo.max
Fri Feb 22 11:08:12 Saved as file ~undo.max
Fri Feb 22 11:10:07 Saved as file ~undo.max
Fri Feb 22 11:11:00 Saved as file ~undo.max
Fri Feb 22 11:12:28 Saved as file ~undo.max
Fri Feb 22 11:12:55 Saved as file ~undo.max
Fri Feb 22 11:13:34 Saved as file ~undo.max
Fri Feb 22 11:14:13 Saved as file BACKUP1.MAX
Fri Feb 22 11:14:18 Saved as file ~undo.max
Fri Feb 22 11:15:08 Saved as file ~undo.max
Fri Feb 22 11:15:33 Saved as file ~undo.max
Fri Feb 22 11:16:20 Saved as file ~undo.max
Fri Feb 22 11:17:52 Saved as file ~undo.max
Fri Feb 22 11:18:17 Saved as file C:\DOCUMENTS AND SETTINGS\LORENZO\DESKTOP\TIROCINIO\DESIGN\PCB\TESI.MAX
Fri Feb 22 11:18:18 Saved as file C:\DOCUMENTS AND SETTINGS\LORENZO\DESKTOP\TIROCINIO\DESIGN\PCB\TESI.MAX
Fri Feb 22 11:20:02 Saved as file C:\DOCUMENTS AND SETTINGS\LORENZO\DESKTOP\TIROCINIO\DESIGN\PCB\TESI.MAX
Fri Feb 22 11:20:03 Saved as file C:\DOCUMENTS AND SETTINGS\LORENZO\DESKTOP\TIROCINIO\DESIGN\PCB\TESI.MAX
Fri Feb 22 11:20:39 Saved as file BACKUP1.MAX
Fri Feb 22 11:20:39 Saved as file C:\DOCUMENTS AND SETTINGS\LORENZO\DESKTOP\TIROCINIO\DESIGN\PCB\TESI.MAX
Fri Feb 22 11:20:39 UserDiv from Layout.INI for AutoECO: 60
Fri Feb 22 11:20:39 Loaded file C:\DOCUMENTS AND SETTINGS\LORENZO\DESKTOP\TIROCINIO\DESIGN\PCB\TESI.MAX
Fri Feb 22 11:20:40 Loaded file C:\PROGRAMMI\ORCAD\LAYOUT_PLUS\LIBRARY\PADSTACK.LLB
Fri Feb 22 11:20:40 Loaded file c:\programmi\orcad\Layout_Plus\library\BCON100T.llb
Fri Feb 22 11:20:40 Loaded file c:\programmi\orcad\Layout_Plus\library\BCON156T.llb
Fri Feb 22 11:20:40 Loaded file c:\programmi\orcad\Layout_Plus\library\BGA.llb
Fri Feb 22 11:20:40 Loaded file c:\programmi\orcad\Layout_Plus\library\CLCC.llb
Fri Feb 22 11:20:40 Loaded file c:\programmi\orcad\Layout_Plus\library\DCON050T.llb
Fri Feb 22 11:20:40 Loaded file c:\programmi\orcad\Layout_Plus\library\DCON085T.llb
Fri Feb 22 11:20:40 Loaded file c:\programmi\orcad\Layout_Plus\library\DIMM050F.llb
Fri Feb 22 11:20:40 Loaded file c:\programmi\orcad\Layout_Plus\library\DIMM050T.llb
Fri Feb 22 11:20:40 Loaded file c:\programmi\orcad\Layout_Plus\library\DIN.llb
Fri Feb 22 11:20:40 Loaded file c:\programmi\orcad\Layout_Plus\library\DIP100B.llb
Fri Feb 22 11:20:40 Loaded file c:\programmi\orcad\Layout_Plus\library\DIP100T.llb
Fri Feb 22 11:20:40 Loaded file c:\programmi\orcad\Layout_Plus\library\DSUBT.llb
Fri Feb 22 11:20:40 Loaded file c:\programmi\orcad\Layout_Plus\library\DSUBT_HD.LLB
Fri Feb 22 11:20:40 Loaded file c:\programmi\orcad\Layout_Plus\library\ECON100T.llb
Fri Feb 22 11:20:40 Loaded file c:\programmi\orcad\Layout_Plus\library\FBUS.llb
Fri Feb 22 11:20:40 Loaded file c:\programmi\orcad\Layout_Plus\library\ISA.llb
Fri Feb 22 11:20:40 Loaded file c:\programmi\orcad\Layout_Plus\library\JUMPER.LLB
Fri Feb 22 11:20:40 Loaded file c:\programmi\orcad\Layout_Plus\library\LAYOUT.llb
Fri Feb 22 11:20:40 Loaded file c:\programmi\orcad\Layout_Plus\library\LCON100T.llb
Fri Feb 22 11:20:40 Loaded file c:\programmi\orcad\Layout_Plus\library\PC104.llb
Fri Feb 22 11:20:40 Loaded file c:\programmi\orcad\Layout_Plus\library\PCI.llb
Fri Feb 22 11:20:40 Loaded file c:\programmi\orcad\Layout_Plus\library\PCON100T.llb
Fri Feb 22 11:20:40 Loaded file c:\programmi\orcad\Layout_Plus\library\PCON156T.llb
Fri Feb 22 11:20:40 Loaded file c:\programmi\orcad\Layout_Plus\library\PGA.llb
Fri Feb 22 11:20:40 Loaded file c:\programmi\orcad\Layout_Plus\library\PLCC.llb
Fri Feb 22 11:20:40 Loaded file c:\programmi\orcad\Layout_Plus\library\QUAD.llb
Fri Feb 22 11:20:40 Loaded file c:\programmi\orcad\Layout_Plus\library\QUADB.llb
Fri Feb 22 11:20:40 Loaded file c:\programmi\orcad\Layout_Plus\library\RELAY.llb
Fri Feb 22 11:20:40 Loaded file c:\programmi\orcad\Layout_Plus\library\RF.llb
Fri Feb 22 11:20:40 Loaded file c:\programmi\orcad\Layout_Plus\library\SBUS.llb
Fri Feb 22 11:20:40 Loaded file c:\programmi\orcad\Layout_Plus\library\SIMM050F.llb
Fri Feb 22 11:20:40 Loaded file c:\programmi\orcad\Layout_Plus\library\SIMM050T.llb
Fri Feb 22 11:20:40 Loaded file c:\programmi\orcad\Layout_Plus\library\SIMM100F.llb
Fri Feb 22 11:20:40 Loaded file c:\programmi\orcad\Layout_Plus\library\SIMM100T.llb
Fri Feb 22 11:20:40 Loaded file c:\programmi\orcad\Layout_Plus\library\SIP.llb
Fri Feb 22 11:20:40 Loaded file c:\programmi\orcad\Layout_Plus\library\SM.llb
Fri Feb 22 11:20:40 Loaded file c:\programmi\orcad\Layout_Plus\library\SOG.llb
Fri Feb 22 11:20:40 Loaded file c:\programmi\orcad\Layout_Plus\library\SOJ.llb
Fri Feb 22 11:20:40 Loaded file c:\programmi\orcad\Layout_Plus\library\STIFF.llb
Fri Feb 22 11:20:40 Loaded file c:\programmi\orcad\Layout_Plus\library\TELE.llb
Fri Feb 22 11:20:40 Loaded file c:\programmi\orcad\Layout_Plus\library\TM_AXIAL.llb
Fri Feb 22 11:20:40 Loaded file c:\programmi\orcad\Layout_Plus\library\TM_CAP_P.llb
Fri Feb 22 11:20:40 Loaded file c:\programmi\orcad\Layout_Plus\library\TM_CYLND.llb
Fri Feb 22 11:20:40 Loaded file c:\programmi\orcad\Layout_Plus\library\TM_DIODE.llb
Fri Feb 22 11:20:40 Loaded file c:\programmi\orcad\Layout_Plus\library\TM_DISC.llb
Fri Feb 22 11:20:40 Loaded file c:\programmi\orcad\Layout_Plus\library\TM_RAD.llb
Fri Feb 22 11:20:40 Loaded file c:\programmi\orcad\Layout_Plus\library\TO.llb
Fri Feb 22 11:20:40 Loaded file c:\programmi\orcad\Layout_Plus\library\TRAINING.LLB
Fri Feb 22 11:20:40 Loaded file c:\programmi\orcad\Layout_Plus\library\VRES.llb
Fri Feb 22 11:20:40 Loaded file c:\programmi\orcad\Layout_Plus\library\WCON100T.llb
Fri Feb 22 11:20:40 Loaded file c:\programmi\orcad\Layout_Plus\library\XT.llb
Fri Feb 22 11:20:40 Loaded file c:\programmi\orcad\Layout_Plus\library\ZIGZAG.llb
Fri Feb 22 11:20:42 Loaded file C:\DOCUMENTS AND SETTINGS\LORENZO\DESKTOP\TIROCINIO\DESIGN\PCB\TESI.MAX
Fri Feb 22 11:20:42 Saved as file C:\DOCUMENTS AND SETTINGS\LORENZO\DESKTOP\TIROCINIO\DESIGN\PCB\TESI.MAX
Fri Feb 22 11:20:42 Loaded file C:\DOCUMENTS AND SETTINGS\LORENZO\DESKTOP\TIROCINIO\DESIGN\PCB\TESI.MAX
Fri Feb 22 11:21:12 Loaded file c:\programmi\orcad\Layout_Plus\data\template.imp
Fri Feb 22 11:21:12 Loaded file c:\programmi\orcad\Layout_Plus\data\template.imp
Fri Feb 22 11:21:12 Loaded file c:\programmi\orcad\Layout_Plus\data\template.imp
Fri Feb 22 11:21:12 Loaded file c:\programmi\orcad\Layout_Plus\data\template.imp
Fri Feb 22 11:21:16 Loaded file c:\programmi\orcad\Layout_Plus\data\template.imp
Fri Feb 22 11:21:17 Loaded file c:\programmi\orcad\Layout_Plus\data\template.imp
Fri Feb 22 11:21:31 Loaded file c:\programmi\orcad\Layout_Plus\library\PCON100T.llb
Fri Feb 22 11:21:31 Loaded file c:\programmi\orcad\Layout_Plus\library\PCON156T.llb
Fri Feb 22 11:21:32 Loaded file c:\programmi\orcad\Layout_Plus\data\template.imp
Fri Feb 22 11:21:32 Loaded file c:\programmi\orcad\Layout_Plus\data\template.imp
Fri Feb 22 11:21:34 Loaded file c:\programmi\orcad\Layout_Plus\library\PCON100T.llb
Fri Feb 22 11:21:35 Loaded file c:\programmi\orcad\Layout_Plus\data\template.imp
Fri Feb 22 11:21:35 Loaded file c:\programmi\orcad\Layout_Plus\data\template.imp
Fri Feb 22 11:21:36 Loaded file c:\programmi\orcad\Layout_Plus\library\PGA.llb
Fri Feb 22 11:21:37 Loaded file c:\programmi\orcad\Layout_Plus\library\QUAD.llb
Fri Feb 22 11:21:38 Loaded file c:\programmi\orcad\Layout_Plus\library\SIMM100F.llb
Fri Feb 22 11:21:39 Loaded file c:\programmi\orcad\Layout_Plus\data\template.imp
Fri Feb 22 11:21:40 Loaded file c:\programmi\orcad\Layout_Plus\library\SIP.llb
Fri Feb 22 11:21:41 Loaded file c:\programmi\orcad\Layout_Plus\library\SM.llb
Fri Feb 22 11:21:41 Loaded file c:\programmi\orcad\Layout_Plus\library\SOG.llb
Fri Feb 22 11:21:48 Loaded file c:\programmi\orcad\Layout_Plus\library\BCON156T.llb
Fri Feb 22 11:21:49 Loaded file C:\PROGRAMMI\ORCAD\LAYOUT_PLUS\LIBRARY\PADSTACK.LLB
Fri Feb 22 11:21:49 Loaded file c:\programmi\orcad\Layout_Plus\library\BCON100T.llb
Fri Feb 22 11:21:49 Loaded file c:\programmi\orcad\Layout_Plus\library\BCON156T.llb
Fri Feb 22 11:21:51 Loaded file c:\programmi\orcad\Layout_Plus\data\template.imp
Fri Feb 22 11:21:51 Loaded file c:\programmi\orcad\Layout_Plus\data\template.imp
Fri Feb 22 11:21:56 Loaded file c:\programmi\orcad\Layout_Plus\data\template.imp
Fri Feb 22 11:21:57 Loaded file c:\programmi\orcad\Layout_Plus\data\template.imp
Fri Feb 22 11:21:58 Loaded file c:\programmi\orcad\Layout_Plus\data\template.imp
Fri Feb 22 11:22:14 Loaded file c:\programmi\orcad\Layout_Plus\data\template.imp
Fri Feb 22 11:22:14 Loaded file c:\programmi\orcad\Layout_Plus\data\template.imp
Fri Feb 22 11:22:14 Loaded file c:\programmi\orcad\Layout_Plus\data\template.imp
Fri Feb 22 11:22:14 Loaded file c:\programmi\orcad\Layout_Plus\data\template.imp
Fri Feb 22 11:22:18 Loaded file c:\programmi\orcad\Layout_Plus\data\template.imp
Fri Feb 22 11:22:27 Loaded file c:\programmi\orcad\Layout_Plus\library\BCON100T.llb
Fri Feb 22 11:22:34 Loaded file c:\programmi\orcad\Layout_Plus\data\template.imp
Fri Feb 22 11:22:35 Loaded file c:\programmi\orcad\Layout_Plus\data\template.imp
Fri Feb 22 11:22:35 Loaded file c:\programmi\orcad\Layout_Plus\data\template.imp
Fri Feb 22 11:22:36 Loaded file c:\programmi\orcad\Layout_Plus\data\template.imp
Fri Feb 22 11:22:36 Loaded file c:\programmi\orcad\Layout_Plus\data\template.imp
Fri Feb 22 11:22:40 Loaded file c:\programmi\orcad\Layout_Plus\data\template.imp
Fri Feb 22 11:22:47 Loaded file c:\programmi\orcad\Layout_Plus\data\template.imp
Fri Feb 22 11:22:48 Loaded file c:\programmi\orcad\Layout_Plus\data\template.imp
Fri Feb 22 11:23:09 Saved as file ~undo.max
Fri Feb 22 11:26:13 Saved as file BACKUP1.MAX
Fri Feb 22 11:36:43 Saved as file BACKUP1.MAX
Fri Feb 22 11:42:57 Saved as file ~undo.max
Fri Feb 22 11:43:11 Saved as file ~undo.max
Fri Feb 22 11:43:19 Saved as file ~undo.max
Fri Feb 22 11:44:15 Saved as file ~undo.max
Fri Feb 22 11:45:01 Saved as file ~undo.max
Fri Feb 22 11:46:41 Saved as file ~undo.max
Fri Feb 22 11:46:51 Saved as file ~undo.max
Fri Feb 22 11:46:56 Saved as file ~undo.max
Fri Feb 22 11:47:13 Saved as file BACKUP1.MAX
Fri Feb 22 11:47:40 Saved as file ~undo.max
Fri Feb 22 11:48:08 Saved as file ~undo.max
Fri Feb 22 11:48:41 Saved as file ~undo.max
Fri Feb 22 11:49:04 Saved as file ~undo.max
Fri Feb 22 11:49:21 Saved as file ~undo.max
Fri Feb 22 11:50:08 Saved as file ~undo.max
Fri Feb 22 11:50:24 Saved as file ~undo.max
Fri Feb 22 11:51:18 Saved as file ~undo.max
Fri Feb 22 11:51:30 Saved as file ~undo.max
Fri Feb 22 11:51:50 Saved as file ~undo.max
Fri Feb 22 11:52:31 Saved as file ~undo.max
Fri Feb 22 11:52:47 Saved as file ~undo.max
Fri Feb 22 11:53:05 Saved as file ~undo.max
Fri Feb 22 11:54:05 Saved as file ~undo.max
Fri Feb 22 11:54:19 Saved as file ~undo.max
Fri Feb 22 11:54:27 Saved as file ~undo.max
Fri Feb 22 11:54:55 Saved as file ~undo.max
Fri Feb 22 11:55:31 Saved as file ~undo.max
Fri Feb 22 11:55:42 Saved as file ~undo.max
Fri Feb 22 11:56:00 Saved as file ~undo.max
Fri Feb 22 11:57:43 Saved as file BACKUP1.MAX
Fri Feb 22 11:57:48 Saved as file ~undo.max
Fri Feb 22 11:58:00 Saved as file ~undo.max
Fri Feb 22 11:58:15 Saved as file ~undo.max
Fri Feb 22 11:58:21 Saved as file ~undo.max
Fri Feb 22 11:58:30 Saved as file ~undo.max
Fri Feb 22 11:58:39 Saved as file ~undo.max
Fri Feb 22 12:01:23 Saved as file ~undo.max
Fri Feb 22 12:01:41 Saved as file ~undo.max
Fri Feb 22 12:01:54 Saved as file ~undo.max
Fri Feb 22 12:02:30 Saved as file ~undo.max
Fri Feb 22 12:03:40 Saved as file ~undo.max
Fri Feb 22 12:04:36 Saved as file ~undo.max
Fri Feb 22 12:04:54 Saved as file ~undo.max
Fri Feb 22 12:05:21 Saved as file ~undo.max
Fri Feb 22 12:05:44 Saved as file ~undo.max
Fri Feb 22 12:05:52 Saved as file ~undo.max
Fri Feb 22 12:06:22 Saved as file ~undo.max
Fri Feb 22 12:06:46 Saved as file ~undo.max
Fri Feb 22 12:06:52 Saved as file ~undo.max
Fri Feb 22 12:07:01 Saved as file ~undo.max
Fri Feb 22 12:07:14 Saved as file ~undo.max
Fri Feb 22 12:07:28 Saved as file ~undo.max
Fri Feb 22 12:08:27 Saved as file ~undo.max
Fri Feb 22 12:09:13 Saved as file BACKUP1.MAX
Fri Feb 22 12:11:30 Saved as file ~undo.max
Fri Feb 22 12:12:09 Saved as file ~undo.max
Fri Feb 22 12:12:37 Saved as file ~undo.max
Fri Feb 22 12:13:20 Saved as file ~undo.max
Fri Feb 22 12:13:52 Saved as file ~undo.max
Fri Feb 22 12:14:31 Saved as file ~undo.max
Fri Feb 22 12:14:41 Saved as file ~undo.max
Fri Feb 22 12:15:24 Saved as file ~undo.max
Fri Feb 22 12:16:25 Saved as file ~undo.max
Fri Feb 22 12:16:35 Saved as file ~undo.max
Fri Feb 22 12:16:43 Saved as file ~undo.max
Fri Feb 22 12:17:36 Saved as file ~undo.max
Fri Feb 22 12:18:43 Saved as file ~undo.max
Fri Feb 22 12:19:43 Saved as file BACKUP1.MAX
Fri Feb 22 12:20:13 Saved as file ~undo.max
Fri Feb 22 12:21:35 Saved as file ~undo.max
Fri Feb 22 12:23:19 Saved as file ~undo.max
Fri Feb 22 12:26:14 Saved as file ~undo.max
Fri Feb 22 12:27:50 Saved as file ~undo.max
Fri Feb 22 12:29:14 Saved as file ~undo.max
Fri Feb 22 12:29:36 Saved as file ~undo.max
Fri Feb 22 12:29:52 Saved as file ~undo.max
Fri Feb 22 12:30:35 Saved as file ~undo.max
Fri Feb 22 12:30:45 Saved as file ~undo.max
Fri Feb 22 12:30:57 Saved as file ~undo.max
Fri Feb 22 12:31:13 Saved as file BACKUP1.MAX
Fri Feb 22 12:35:00 Saved as file ~undo.max
Fri Feb 22 12:35:32 Saved as file ~undo.max
Fri Feb 22 12:35:44 Saved as file ~undo.max
Fri Feb 22 12:35:50 Saved as file C:\DOCUMENTS AND SETTINGS\LORENZO\DESKTOP\TIROCINIO\DESIGN\PCB\TESI.MAX
Fri Feb 22 12:35:51 Saved as file C:\DOCUMENTS AND SETTINGS\LORENZO\DESKTOP\TIROCINIO\DESIGN\PCB\TESI.MAX
Fri Feb 22 12:41:01 Saved as file C:\DOCUMENTS AND SETTINGS\LORENZO\DESKTOP\TIROCINIO\DESIGN\PCB\TESI.MAX
Fri Feb 22 12:41:43 Saved as file BACKUP1.MAX
Fri Feb 22 12:41:49 Saved as file ~undo.max
Fri Feb 22 12:43:29 Saved as file C:\DOCUMENTS AND SETTINGS\LORENZO\DESKTOP\TIROCINIO\DESIGN\PCB\TESI.MAX
Fri Feb 22 12:44:10 Saved as file C:\DOCUMENTS AND SETTINGS\LORENZO\DESKTOP\TIROCINIO\DESIGN\PCB\TESI.MAX
Fri Feb 22 12:57:01 Saved as file ~undo.max
Fri Feb 22 12:57:15 Saved as file ~undo.max
Fri Feb 22 12:57:43 Saved as file ~undo.max
Fri Feb 22 12:57:52 Saved as file ~undo.max
Fri Feb 22 12:58:08 Saved as file ~undo.max
Fri Feb 22 12:58:24 Saved as file ~undo.max
Fri Feb 22 12:58:39 Saved as file ~undo.max
Fri Feb 22 12:59:02 Saved as file ~undo.max
Fri Feb 22 12:59:45 Saved as file ~undo.max
Fri Feb 22 13:00:25 Saved as file C:\DOCUMENTS AND SETTINGS\LORENZO\DESKTOP\TIROCINIO\DESIGN\PCB\TESI.MAX
Fri Feb 22 13:08:12 Saved as file BACKUP1.MAX
Fri Feb 22 13:11:35 Saved as file C:\DOCUMENTS AND SETTINGS\LORENZO\DESKTOP\TIROCINIO\DESIGN\PCB\TESI.MAX
Fri Feb 22 13:11:36 Saved as file C:\DOCUMENTS AND SETTINGS\LORENZO\DESKTOP\TIROCINIO\DESIGN\PCB\TESI.MAX
Fri Feb 22 14:23:01 Loaded file c:\programmi\orcad\Layout_Plus\data\template.imp
Fri Feb 22 14:23:01 Loaded file c:\programmi\orcad\Layout_Plus\data\template.imp
Fri Feb 22 14:23:01 Loaded file c:\programmi\orcad\Layout_Plus\data\template.imp
Fri Feb 22 14:23:01 Loaded file c:\programmi\orcad\Layout_Plus\data\template.imp
Thu Mar 20 21:20:41 Saved as file D:\TIROCINIO\DESIGN\PCB\TESI.MAX
Thu Mar 20 21:20:42 Saved as file D:\TIROCINIO\DESIGN\PCB\TESI.MAX
