Thu Mar 20 21:16:26 Saved as file BACKUP1.MAX
Thu Mar 20 21:16:26 Saved as file D:\TIROCINIO\DESIGN\PCB\TESI.MAX
Thu Mar 20 21:16:27 UserDiv from Layout.INI for AutoECO: 60
Thu Mar 20 21:16:27 Loaded file D:\TIROCINIO\DESIGN\PCB\TESI.MAX
Thu Mar 20 21:16:27 Loaded file C:\PROGRAMMI\ORCAD\LAYOUT_PLUS\LIBRARY\PADSTACK.LLB
Thu Mar 20 21:16:27 Loaded file c:\programmi\orcad\Layout_Plus\library\BCON100T.llb
Thu Mar 20 21:16:27 Loaded file c:\programmi\orcad\Layout_Plus\library\BCON156T.llb
Thu Mar 20 21:16:27 Loaded file c:\programmi\orcad\Layout_Plus\library\BGA.llb
Thu Mar 20 21:16:28 Loaded file c:\programmi\orcad\Layout_Plus\library\CLCC.llb
Thu Mar 20 21:16:28 Loaded file c:\programmi\orcad\Layout_Plus\library\DCON050T.llb
Thu Mar 20 21:16:28 Loaded file c:\programmi\orcad\Layout_Plus\library\DCON085T.llb
Thu Mar 20 21:16:28 Loaded file c:\programmi\orcad\Layout_Plus\library\DIMM050F.llb
Thu Mar 20 21:16:28 Loaded file c:\programmi\orcad\Layout_Plus\library\DIMM050T.llb
Thu Mar 20 21:16:28 Loaded file c:\programmi\orcad\Layout_Plus\library\DIN.llb
Thu Mar 20 21:16:28 Loaded file c:\programmi\orcad\Layout_Plus\library\DIP100B.llb
Thu Mar 20 21:16:28 Loaded file c:\programmi\orcad\Layout_Plus\library\DIP100T.llb
Thu Mar 20 21:16:28 Loaded file c:\programmi\orcad\Layout_Plus\library\DSUBT.llb
Thu Mar 20 21:16:28 Loaded file c:\programmi\orcad\Layout_Plus\library\DSUBT_HD.LLB
Thu Mar 20 21:16:28 Loaded file c:\programmi\orcad\Layout_Plus\library\ECON100T.llb
Thu Mar 20 21:16:28 Loaded file c:\programmi\orcad\Layout_Plus\library\FBUS.llb
Thu Mar 20 21:16:28 Loaded file c:\programmi\orcad\Layout_Plus\library\ISA.llb
Thu Mar 20 21:16:28 Loaded file c:\programmi\orcad\Layout_Plus\library\JUMPER.LLB
Thu Mar 20 21:16:28 Loaded file c:\programmi\orcad\Layout_Plus\library\LAYOUT.llb
Thu Mar 20 21:16:28 Loaded file c:\programmi\orcad\Layout_Plus\library\LCON100T.llb
Thu Mar 20 21:16:28 Loaded file c:\programmi\orcad\Layout_Plus\library\PC104.llb
Thu Mar 20 21:16:28 Loaded file c:\programmi\orcad\Layout_Plus\library\PCI.llb
Thu Mar 20 21:16:28 Loaded file c:\programmi\orcad\Layout_Plus\library\PCON100T.llb
Thu Mar 20 21:16:28 Loaded file c:\programmi\orcad\Layout_Plus\library\PCON156T.llb
Thu Mar 20 21:16:28 Loaded file c:\programmi\orcad\Layout_Plus\library\PGA.llb
Thu Mar 20 21:16:28 Loaded file c:\programmi\orcad\Layout_Plus\library\PLCC.llb
Thu Mar 20 21:16:28 Loaded file c:\programmi\orcad\Layout_Plus\library\QUAD.llb
Thu Mar 20 21:16:28 Loaded file c:\programmi\orcad\Layout_Plus\library\QUADB.llb
Thu Mar 20 21:16:28 Loaded file c:\programmi\orcad\Layout_Plus\library\RELAY.llb
Thu Mar 20 21:16:28 Loaded file c:\programmi\orcad\Layout_Plus\library\RF.llb
Thu Mar 20 21:16:28 Loaded file c:\programmi\orcad\Layout_Plus\library\SBUS.llb
Thu Mar 20 21:16:28 Loaded file c:\programmi\orcad\Layout_Plus\library\SIMM050F.llb
Thu Mar 20 21:16:28 Loaded file c:\programmi\orcad\Layout_Plus\library\SIMM050T.llb
Thu Mar 20 21:16:28 Loaded file c:\programmi\orcad\Layout_Plus\library\SIMM100F.llb
Thu Mar 20 21:16:28 Loaded file c:\programmi\orcad\Layout_Plus\library\SIMM100T.llb
Thu Mar 20 21:16:28 Loaded file c:\programmi\orcad\Layout_Plus\library\SIP.llb
Thu Mar 20 21:16:28 Loaded file c:\programmi\orcad\Layout_Plus\library\SM.llb
Thu Mar 20 21:16:28 Loaded file c:\programmi\orcad\Layout_Plus\library\SOG.llb
Thu Mar 20 21:16:28 Loaded file c:\programmi\orcad\Layout_Plus\library\SOJ.llb
Thu Mar 20 21:16:28 Loaded file c:\programmi\orcad\Layout_Plus\library\STIFF.llb
Thu Mar 20 21:16:28 Loaded file c:\programmi\orcad\Layout_Plus\library\TELE.llb
Thu Mar 20 21:16:28 Loaded file c:\programmi\orcad\Layout_Plus\library\TM_AXIAL.llb
Thu Mar 20 21:16:28 Loaded file c:\programmi\orcad\Layout_Plus\library\TM_CAP_P.llb
Thu Mar 20 21:16:28 Loaded file c:\programmi\orcad\Layout_Plus\library\TM_CYLND.llb
Thu Mar 20 21:16:28 Loaded file c:\programmi\orcad\Layout_Plus\library\TM_DIODE.llb
Thu Mar 20 21:16:28 Loaded file c:\programmi\orcad\Layout_Plus\library\TM_DISC.llb
Thu Mar 20 21:16:28 Loaded file c:\programmi\orcad\Layout_Plus\library\TM_RAD.llb
Thu Mar 20 21:16:28 Loaded file c:\programmi\orcad\Layout_Plus\library\TO.llb
Thu Mar 20 21:16:28 Loaded file c:\programmi\orcad\Layout_Plus\library\TRAINING.LLB
Thu Mar 20 21:16:29 Loaded file c:\programmi\orcad\Layout_Plus\library\VRES.llb
Thu Mar 20 21:16:29 Loaded file c:\programmi\orcad\Layout_Plus\library\WCON100T.llb
Thu Mar 20 21:16:29 Loaded file c:\programmi\orcad\Layout_Plus\library\XT.llb
Thu Mar 20 21:16:29 Loaded file c:\programmi\orcad\Layout_Plus\library\ZIGZAG.llb
Thu Mar 20 21:16:29 Saved as file D:\TIROCINIO\DESIGN\PCB\TESI.MAX
Thu Mar 20 21:16:29 Loaded file D:\TIROCINIO\DESIGN\PCB\TESI.MAX
