
ROM used: 604 (4%)
          604 (4%) including unused fragments

          1 Average locations per line
          11 Average locations per statement

RAM used: 29 (4%) at main() level
          39 (5%) worst case

Stack used: 3 worst case (out of 29 total available)

Lines Stmts  %   Files
----- ----- ---  -----
  145    56 100  Acquisitore.c
    6     0   0  acquisitore.h
  377     0   0  C:\Programmi\PICC\devices\18F2420.h
----- -----
  528    56 Total

Page ROM  %  RAM   Vol Diff  Functions:
---- --- --- ---   --- ----  ----------
0     46   4   1             @delay_ms1
0    130  11   1   684  5.7  Leggi_RS232
0    200  17   0   447  3.3  MAIN
0     22   2   1    59  1.2  DigPot
0     52   4   5   265  1.9  DataTX

Program metrics:
    Functions               4
    Statements              56
    Comments                99
    Volume (V)              1936
    Difficilty (D)          12.1
    Effort to implement (E) 23460
    Time to implement (T)   22 minutes
    Est Delivered Bugs (B)  0
    Cyclomatic Complexity   10
    Maintainability (MI)    145

 Segment     Used  Free
-----------  ----  ----
00000-00002     4  0  
00004-00006     0  4  
00008-0009C   150  0  
0009E-03FFE   450  15776  



